{
  "Cucumber Features": {
    "coverage": {
      "/home/julian/Escritorio/Proyectos/Proyecto_fUNQui/fUNQui/app/controllers/home.rb": [
        1,
        null,
        1,
        0,
        null,
        null,
        null
      ],
      "/home/julian/Escritorio/Proyectos/Proyecto_fUNQui/fUNQui/app/controllers/torneo.rb": [
        1,
        null,
        1,
        5,
        5,
        null,
        null,
        1,
        1,
        1,
        null,
        null,
        1,
        1,
        1,
        null,
        null,
        1,
        5,
        5,
        5,
        5,
        1,
        1,
        null,
        null,
        null,
        5,
        1,
        1,
        null,
        4,
        4,
        4,
        1,
        1,
        null,
        null,
        null,
        null
      ]
    },
    "timestamp": 1416360234
  },
  "RSpec": {
    "coverage": {
      "/home/julian/Escritorio/Proyectos/Proyecto_fUNQui/fUNQui/app/app.rb": [
        1,
        1,
        1,
        1,
        1,
        1,
        null,
        1,
        null,
        1,
        null,
        null,
        null,
        null,
        null,
        null,
        null,
        null,
        null,
        null,
        null,
        null,
        null,
        null,
        null,
        null,
        null,
        null,
        null,
        null,
        null,
        null,
        null,
        null,
        null,
        null,
        null,
        null,
        null,
        null,
        null,
        null,
        null,
        null,
        null,
        null,
        null,
        null,
        null,
        null,
        null,
        null,
        null,
        null,
        null,
        null,
        null,
        null,
        null,
        null,
        null,
        null,
        null,
        null,
        null
      ],
      "/home/julian/Escritorio/Proyectos/Proyecto_fUNQui/fUNQui/app/models/torneo.rb": [
        1,
        1,
        null,
        1,
        1,
        1,
        1,
        1,
        null,
        1,
        1,
        1,
        null
      ]
    },
    "timestamp": 1416360222
  }
}
