{
  "Cucumber Features": {
    "coverage": {
      "/home/julian/Escritorio/Proyectos/fUNQui/app/controllers/home.rb": [
        1,
        null,
        1,
        4,
        4,
        4,
        null,
        null,
        1,
        3,
        3,
        3,
        1,
        1,
        null,
        2,
        null,
        null,
        null,
        null,
        null
      ]
    },
    "timestamp": 1415675162
  },
  "RSpec": {
    "coverage": {
      "/home/julian/Escritorio/Proyectos/fUNQui/app/app.rb": [
        1,
        1,
        1,
        1,
        1,
        1,
        null,
        1,
        null,
        1,
        null,
        null,
        null,
        null,
        null,
        null,
        null,
        null,
        null,
        null,
        null,
        null,
        null,
        null,
        null,
        null,
        null,
        null,
        null,
        null,
        null,
        null,
        null,
        null,
        null,
        null,
        null,
        null,
        null,
        null,
        null,
        null,
        null,
        null,
        null,
        null,
        null,
        null,
        null,
        null,
        null,
        null,
        null,
        null,
        null,
        null,
        null,
        null,
        null,
        null,
        null,
        null,
        null,
        null,
        null
      ],
      "/home/julian/Escritorio/Proyectos/fUNQui/app/models/torneo.rb": [
        1,
        1,
        null,
        1,
        1,
        1,
        1,
        null,
        1,
        1,
        null
      ]
    },
    "timestamp": 1415675150
  }
}
